c:\users\administrator\desktop\새 폴더\trunk\tool_190705_2\190627_framework_saveload\tool\debug\tool.pch
c:\users\administrator\desktop\새 폴더\trunk\tool_190705_2\190627_framework_saveload\tool\debug\vc140.pdb
c:\users\administrator\desktop\새 폴더\trunk\tool_190705_2\190627_framework_saveload\tool\debug\vc140.idb
c:\users\administrator\desktop\새 폴더\trunk\tool_190705_2\190627_framework_saveload\tool\debug\stdafx.obj
c:\users\administrator\desktop\새 폴더\trunk\tool_190705_2\190627_framework_saveload\tool\debug\fileinfo.obj
c:\users\administrator\desktop\새 폴더\trunk\tool_190705_2\190627_framework_saveload\tool\debug\maptool.obj
c:\users\administrator\desktop\새 폴더\trunk\tool_190705_2\190627_framework_saveload\tool\debug\mfcdevicemgr.obj
c:\users\administrator\desktop\새 폴더\trunk\tool_190705_2\190627_framework_saveload\tool\debug\mymultitexture.obj
c:\users\administrator\desktop\새 폴더\trunk\tool_190705_2\190627_framework_saveload\tool\debug\mysingletexture.obj
c:\users\administrator\desktop\새 폴더\trunk\tool_190705_2\190627_framework_saveload\tool\debug\mytexture.obj
c:\users\administrator\desktop\새 폴더\trunk\tool_190705_2\190627_framework_saveload\tool\debug\mytexturemgr.obj
c:\users\administrator\desktop\새 폴더\trunk\tool_190705_2\190627_framework_saveload\tool\debug\mytimemgr.obj
c:\users\administrator\desktop\새 폴더\trunk\tool_190705_2\190627_framework_saveload\tool\debug\tile.obj
c:\users\administrator\desktop\새 폴더\trunk\tool_190705_2\190627_framework_saveload\tool\debug\tilemgr.obj
c:\users\administrator\desktop\새 폴더\trunk\tool_190705_2\190627_framework_saveload\tool\debug\tiletool.obj
c:\users\administrator\desktop\새 폴더\trunk\tool_190705_2\190627_framework_saveload\tool\debug\tool.obj
c:\users\administrator\desktop\새 폴더\trunk\tool_190705_2\190627_framework_saveload\tool\debug\tooldoc.obj
c:\users\administrator\desktop\새 폴더\trunk\tool_190705_2\190627_framework_saveload\tool\debug\toolview.obj
c:\users\administrator\desktop\새 폴더\trunk\tool_190705_2\190627_framework_saveload\tool\debug\uitool.obj
c:\users\administrator\desktop\새 폴더\trunk\tool_190705_2\190627_framework_saveload\tool\debug\mainfrm.obj
c:\users\administrator\desktop\새 폴더\trunk\tool_190705_2\190627_framework_saveload\tool\debug\miniview.obj
c:\users\administrator\desktop\새 폴더\trunk\tool_190705_2\190627_framework_saveload\tool\debug\myform.obj
c:\users\administrator\desktop\새 폴더\trunk\tool_190705_2\190627_framework_saveload\tool\debug\rendermgr.obj
c:\users\administrator\desktop\새 폴더\trunk\tool_190705_2\190627_framework_saveload\tool\debug\unittool.obj
c:\users\administrator\desktop\새 폴더\trunk\tool_190705_2\190627_framework_saveload\tool\debug\animationtool.obj
c:\users\administrator\desktop\새 폴더\trunk\tool_190706_1\190627_framework_saveload\tool\debug\tool.pch
c:\users\administrator\desktop\새 폴더\trunk\tool_190706_1\190627_framework_saveload\tool\debug\vc140.pdb
c:\users\administrator\desktop\새 폴더\trunk\tool_190706_1\190627_framework_saveload\tool\debug\vc140.idb
c:\users\administrator\desktop\새 폴더\trunk\tool_190706_1\190627_framework_saveload\tool\debug\stdafx.obj
c:\users\administrator\desktop\새 폴더\trunk\tool_190706_1\190627_framework_saveload\tool\debug\fileinfo.obj
c:\users\administrator\desktop\새 폴더\trunk\tool_190706_1\190627_framework_saveload\tool\debug\mainfrm.obj
c:\users\administrator\desktop\새 폴더\trunk\tool_190706_1\190627_framework_saveload\tool\debug\maptool.obj
c:\users\administrator\desktop\새 폴더\trunk\tool_190706_1\190627_framework_saveload\tool\debug\miniview.obj
c:\users\administrator\desktop\새 폴더\trunk\tool_190706_1\190627_framework_saveload\tool\debug\mfcdevicemgr.obj
c:\users\administrator\desktop\새 폴더\trunk\tool_190706_1\190627_framework_saveload\tool\debug\myform.obj
c:\users\administrator\desktop\새 폴더\trunk\tool_190706_1\190627_framework_saveload\tool\debug\mymultitexture.obj
c:\users\administrator\desktop\새 폴더\trunk\tool_190706_1\190627_framework_saveload\tool\debug\mysingletexture.obj
c:\users\administrator\desktop\새 폴더\trunk\tool_190706_1\190627_framework_saveload\tool\debug\mytexture.obj
c:\users\administrator\desktop\새 폴더\trunk\tool_190706_1\190627_framework_saveload\tool\debug\mytexturemgr.obj
c:\users\administrator\desktop\새 폴더\trunk\tool_190706_1\190627_framework_saveload\tool\debug\mytimemgr.obj
c:\users\administrator\desktop\새 폴더\trunk\tool_190706_1\190627_framework_saveload\tool\debug\rendermgr.obj
c:\users\administrator\desktop\새 폴더\trunk\tool_190706_1\190627_framework_saveload\tool\debug\tile.obj
c:\users\administrator\desktop\새 폴더\trunk\tool_190706_1\190627_framework_saveload\tool\debug\tilemgr.obj
c:\users\administrator\desktop\새 폴더\trunk\tool_190706_1\190627_framework_saveload\tool\debug\tiletool.obj
c:\users\administrator\desktop\새 폴더\trunk\tool_190706_1\190627_framework_saveload\tool\debug\tool.obj
c:\users\administrator\desktop\새 폴더\trunk\tool_190706_1\190627_framework_saveload\tool\debug\tooldoc.obj
c:\users\administrator\desktop\새 폴더\trunk\tool_190706_1\190627_framework_saveload\tool\debug\toolview.obj
c:\users\administrator\desktop\새 폴더\trunk\tool_190706_1\190627_framework_saveload\tool\debug\uitool.obj
c:\users\administrator\desktop\새 폴더\trunk\tool_190706_1\190627_framework_saveload\tool\debug\unittool.obj
c:\users\administrator\desktop\새 폴더\trunk\tool_190706_1\190627_framework_saveload\tool\debug\animationtool.obj
c:\users\administrator\desktop\새 폴더\trunk\tool_190705_2\190627_framework_saveload\debug\tool.ilk
c:\users\administrator\desktop\새 폴더\trunk\tool_190705_2\190627_framework_saveload\debug\tool.exe
c:\users\administrator\desktop\새 폴더\trunk\tool_190705_2\190627_framework_saveload\debug\tool.pdb
c:\users\administrator\desktop\새 폴더\trunk\tool_190706_1\190627_framework_saveload\debug\tool.ilk
c:\users\administrator\desktop\새 폴더\trunk\tool_190706_1\190627_framework_saveload\debug\tool.exe
c:\users\administrator\desktop\새 폴더\trunk\tool_190706_1\190627_framework_saveload\debug\tool.pdb
c:\users\administrator\desktop\새 폴더\trunk\tool_190705_2\190627_framework_saveload\tool\debug\tool.res
c:\users\administrator\desktop\새 폴더\trunk\tool_190706_1\190627_framework_saveload\tool\debug\tool.res
c:\users\administrator\desktop\새 폴더\trunk\tool_190706_1\190627_framework_saveload\tool\debug\minifrm.obj
c:\users\administrator\desktop\새 폴더\trunk\tool_190706_1\190627_framework_saveload\tool\debug\mydevicemgr.obj
c:\users\administrator\desktop\새 폴더\trunk\tool_190706_1\190627_framework_saveload\tool\debug\myobj.obj
c:\users\administrator\desktop\새 폴더\trunk\tool_190706_1\190627_framework_saveload\tool\debug\tile.obj.enc
c:\users\administrator\desktop\새 폴더\trunk\tool_190706_1\190627_framework_saveload\tool\debug\tilemgr.obj.enc
c:\users\administrator\desktop\새 폴더\trunk\tool_190706_1\190627_framework_saveload\tool\debug\tool.tlog\cl.command.1.tlog
c:\users\administrator\desktop\새 폴더\trunk\tool_190706_1\190627_framework_saveload\tool\debug\tool.tlog\cl.read.1.tlog
c:\users\administrator\desktop\새 폴더\trunk\tool_190706_1\190627_framework_saveload\tool\debug\tool.tlog\cl.write.1.tlog
c:\users\administrator\desktop\새 폴더\trunk\tool_190706_1\190627_framework_saveload\tool\debug\tool.tlog\link.command.1.tlog
c:\users\administrator\desktop\새 폴더\trunk\tool_190706_1\190627_framework_saveload\tool\debug\tool.tlog\link.read.1.tlog
c:\users\administrator\desktop\새 폴더\trunk\tool_190706_1\190627_framework_saveload\tool\debug\tool.tlog\link.write.1.tlog
c:\users\administrator\desktop\새 폴더\trunk\tool_190706_1\190627_framework_saveload\tool\debug\tool.tlog\rc.command.1.tlog
c:\users\administrator\desktop\새 폴더\trunk\tool_190706_1\190627_framework_saveload\tool\debug\tool.tlog\rc.read.1.tlog
c:\users\administrator\desktop\새 폴더\trunk\tool_190706_1\190627_framework_saveload\tool\debug\tool.tlog\rc.write.1.tlog
